{"C:\\Users\\colte\\Desktop\\Github\\meowcoin-docker\\packages\\blockchain\\src\\config.js": {"path":"C:\\Users\\colte\\Desktop\\Github\\meowcoin-docker\\packages\\blockchain\\src\\config.js","statementMap":{"0":{"start":{"line":2,"column":22},"end":{"line":4,"column":1}},"1":{"start":{"line":3,"column":4},"end":{"line":3,"column":62}},"2":{"start":{"line":5,"column":0},"end":{"line":5,"column":62}},"3":{"start":{"line":6,"column":0},"end":{"line":6,"column":24}},"4":{"start":{"line":7,"column":17},"end":{"line":7,"column":51}},"5":{"start":{"line":8,"column":14},"end":{"line":8,"column":28}},"6":{"start":{"line":10,"column":0},"end":{"line":10,"column":26}},"7":{"start":{"line":12,"column":21},"end":{"line":44,"column":2}},"8":{"start":{"line":46,"column":0},"end":{"line":72,"column":3}}},"fnMap":{"0":{"name":"(anonymous_0)","decl":{"start":{"line":2,"column":56},"end":{"line":2,"column":57}},"loc":{"start":{"line":2,"column":71},"end":{"line":4,"column":1}},"line":2}},"branchMap":{"0":{"loc":{"start":{"line":2,"column":22},"end":{"line":4,"column":1}},"type":"binary-expr","locations":[{"start":{"line":2,"column":23},"end":{"line":2,"column":27}},{"start":{"line":2,"column":31},"end":{"line":2,"column":51}},{"start":{"line":2,"column":56},"end":{"line":4,"column":1}}],"line":2},"1":{"loc":{"start":{"line":3,"column":11},"end":{"line":3,"column":61}},"type":"cond-expr","locations":[{"start":{"line":3,"column":37},"end":{"line":3,"column":40}},{"start":{"line":3,"column":43},"end":{"line":3,"column":61}}],"line":3},"2":{"loc":{"start":{"line":3,"column":12},"end":{"line":3,"column":33}},"type":"binary-expr","locations":[{"start":{"line":3,"column":12},"end":{"line":3,"column":15}},{"start":{"line":3,"column":19},"end":{"line":3,"column":33}}],"line":3}},"s":{"0":1,"1":1,"2":1,"3":1,"4":1,"5":1,"6":1,"7":1,"8":1},"f":{"0":1},"b":{"0":[1,1,1],"1":[0,1],"2":[1,1]},"inputSourceMap":null,"_coverageSchema":"1a1c01bbd47fc00a2c39e90264f33305004495a9","hash":"33028fd669019cca75fc8a8a4b533ff35f4d65db"}
,"C:\\Users\\colte\\Desktop\\Github\\meowcoin-docker\\packages\\blockchain\\src\\services\\meowcoinRPC.js": {"path":"C:\\Users\\colte\\Desktop\\Github\\meowcoin-docker\\packages\\blockchain\\src\\services\\meowcoinRPC.js","statementMap":{"0":{"start":{"line":2,"column":22},"end":{"line":4,"column":1}},"1":{"start":{"line":3,"column":4},"end":{"line":3,"column":62}},"2":{"start":{"line":5,"column":0},"end":{"line":5,"column":62}},"3":{"start":{"line":6,"column":0},"end":{"line":6,"column":29}},"4":{"start":{"line":7,"column":16},"end":{"line":7,"column":49}},"5":{"start":{"line":8,"column":17},"end":{"line":8,"column":44}},"6":{"start":{"line":9,"column":17},"end":{"line":9,"column":43}},"7":{"start":{"line":13,"column":9},"end":{"line":13,"column":10}},"8":{"start":{"line":15,"column":8},"end":{"line":15,"column":29}},"9":{"start":{"line":16,"column":8},"end":{"line":26,"column":11}},"10":{"start":{"line":29,"column":8},"end":{"line":47,"column":9}},"11":{"start":{"line":30,"column":29},"end":{"line":35,"column":14}},"12":{"start":{"line":36,"column":12},"end":{"line":38,"column":13}},"13":{"start":{"line":37,"column":16},"end":{"line":37,"column":152}},"14":{"start":{"line":39,"column":12},"end":{"line":39,"column":40}},"15":{"start":{"line":42,"column":12},"end":{"line":44,"column":13}},"16":{"start":{"line":43,"column":16},"end":{"line":43,"column":28}},"17":{"start":{"line":45,"column":12},"end":{"line":45,"column":80}},"18":{"start":{"line":46,"column":12},"end":{"line":46,"column":129}},"19":{"start":{"line":51,"column":8},"end":{"line":51,"column":46}},"20":{"start":{"line":54,"column":8},"end":{"line":54,"column":62}},"21":{"start":{"line":57,"column":8},"end":{"line":57,"column":51}},"22":{"start":{"line":60,"column":8},"end":{"line":60,"column":42}},"23":{"start":{"line":63,"column":8},"end":{"line":63,"column":63}},"24":{"start":{"line":66,"column":8},"end":{"line":66,"column":51}},"25":{"start":{"line":69,"column":8},"end":{"line":69,"column":43}},"26":{"start":{"line":72,"column":8},"end":{"line":72,"column":42}},"27":{"start":{"line":76,"column":8},"end":{"line":76,"column":43}},"28":{"start":{"line":79,"column":8},"end":{"line":79,"column":40}},"29":{"start":{"line":82,"column":8},"end":{"line":82,"column":47}},"30":{"start":{"line":86,"column":8},"end":{"line":86,"column":42}},"31":{"start":{"line":90,"column":8},"end":{"line":90,"column":33}},"32":{"start":{"line":93,"column":8},"end":{"line":93,"column":35}},"33":{"start":{"line":97,"column":8},"end":{"line":97,"column":55}},"34":{"start":{"line":100,"column":8},"end":{"line":100,"column":45}},"35":{"start":{"line":103,"column":8},"end":{"line":103,"column":51}},"36":{"start":{"line":106,"column":8},"end":{"line":106,"column":65}},"37":{"start":{"line":109,"column":0},"end":{"line":109,"column":34}}},"fnMap":{"0":{"name":"(anonymous_0)","decl":{"start":{"line":2,"column":56},"end":{"line":2,"column":57}},"loc":{"start":{"line":2,"column":71},"end":{"line":4,"column":1}},"line":2},"1":{"name":"(anonymous_1)","decl":{"start":{"line":14,"column":4},"end":{"line":14,"column":5}},"loc":{"start":{"line":14,"column":24},"end":{"line":27,"column":5}},"line":14},"2":{"name":"(anonymous_2)","decl":{"start":{"line":28,"column":4},"end":{"line":28,"column":5}},"loc":{"start":{"line":28,"column":36},"end":{"line":48,"column":5}},"line":28},"3":{"name":"(anonymous_3)","decl":{"start":{"line":50,"column":4},"end":{"line":50,"column":5}},"loc":{"start":{"line":50,"column":30},"end":{"line":52,"column":5}},"line":50},"4":{"name":"(anonymous_4)","decl":{"start":{"line":53,"column":4},"end":{"line":53,"column":5}},"loc":{"start":{"line":53,"column":41},"end":{"line":55,"column":5}},"line":53},"5":{"name":"(anonymous_5)","decl":{"start":{"line":56,"column":4},"end":{"line":56,"column":5}},"loc":{"start":{"line":56,"column":31},"end":{"line":58,"column":5}},"line":56},"6":{"name":"(anonymous_6)","decl":{"start":{"line":59,"column":4},"end":{"line":59,"column":5}},"loc":{"start":{"line":59,"column":26},"end":{"line":61,"column":5}},"line":59},"7":{"name":"(anonymous_7)","decl":{"start":{"line":62,"column":4},"end":{"line":62,"column":5}},"loc":{"start":{"line":62,"column":50},"end":{"line":64,"column":5}},"line":62},"8":{"name":"(anonymous_8)","decl":{"start":{"line":65,"column":4},"end":{"line":65,"column":5}},"loc":{"start":{"line":65,"column":31},"end":{"line":67,"column":5}},"line":65},"9":{"name":"(anonymous_9)","decl":{"start":{"line":68,"column":4},"end":{"line":68,"column":5}},"loc":{"start":{"line":68,"column":27},"end":{"line":70,"column":5}},"line":68},"10":{"name":"(anonymous_10)","decl":{"start":{"line":71,"column":4},"end":{"line":71,"column":5}},"loc":{"start":{"line":71,"column":26},"end":{"line":73,"column":5}},"line":71},"11":{"name":"(anonymous_11)","decl":{"start":{"line":75,"column":4},"end":{"line":75,"column":5}},"loc":{"start":{"line":75,"column":27},"end":{"line":77,"column":5}},"line":75},"12":{"name":"(anonymous_12)","decl":{"start":{"line":78,"column":4},"end":{"line":78,"column":5}},"loc":{"start":{"line":78,"column":24},"end":{"line":80,"column":5}},"line":78},"13":{"name":"(anonymous_13)","decl":{"start":{"line":81,"column":4},"end":{"line":81,"column":5}},"loc":{"start":{"line":81,"column":31},"end":{"line":83,"column":5}},"line":81},"14":{"name":"(anonymous_14)","decl":{"start":{"line":85,"column":4},"end":{"line":85,"column":5}},"loc":{"start":{"line":85,"column":26},"end":{"line":87,"column":5}},"line":85},"15":{"name":"(anonymous_15)","decl":{"start":{"line":89,"column":4},"end":{"line":89,"column":5}},"loc":{"start":{"line":89,"column":17},"end":{"line":91,"column":5}},"line":89},"16":{"name":"(anonymous_16)","decl":{"start":{"line":92,"column":4},"end":{"line":92,"column":5}},"loc":{"start":{"line":92,"column":19},"end":{"line":94,"column":5}},"line":92},"17":{"name":"(anonymous_17)","decl":{"start":{"line":96,"column":4},"end":{"line":96,"column":5}},"loc":{"start":{"line":96,"column":35},"end":{"line":98,"column":5}},"line":96},"18":{"name":"(anonymous_18)","decl":{"start":{"line":99,"column":4},"end":{"line":99,"column":5}},"loc":{"start":{"line":99,"column":29},"end":{"line":101,"column":5}},"line":99},"19":{"name":"(anonymous_19)","decl":{"start":{"line":102,"column":4},"end":{"line":102,"column":5}},"loc":{"start":{"line":102,"column":31},"end":{"line":104,"column":5}},"line":102},"20":{"name":"(anonymous_20)","decl":{"start":{"line":105,"column":4},"end":{"line":105,"column":5}},"loc":{"start":{"line":105,"column":53},"end":{"line":107,"column":5}},"line":105}},"branchMap":{"0":{"loc":{"start":{"line":2,"column":22},"end":{"line":4,"column":1}},"type":"binary-expr","locations":[{"start":{"line":2,"column":23},"end":{"line":2,"column":27}},{"start":{"line":2,"column":31},"end":{"line":2,"column":51}},{"start":{"line":2,"column":56},"end":{"line":4,"column":1}}],"line":2},"1":{"loc":{"start":{"line":3,"column":11},"end":{"line":3,"column":61}},"type":"cond-expr","locations":[{"start":{"line":3,"column":37},"end":{"line":3,"column":40}},{"start":{"line":3,"column":43},"end":{"line":3,"column":61}}],"line":3},"2":{"loc":{"start":{"line":3,"column":12},"end":{"line":3,"column":33}},"type":"binary-expr","locations":[{"start":{"line":3,"column":12},"end":{"line":3,"column":15}},{"start":{"line":3,"column":19},"end":{"line":3,"column":33}}],"line":3},"3":{"loc":{"start":{"line":22,"column":21},"end":{"line":22,"column":44}},"type":"binary-expr","locations":[{"start":{"line":22,"column":21},"end":{"line":22,"column":35}},{"start":{"line":22,"column":39},"end":{"line":22,"column":44}}],"line":22},"4":{"loc":{"start":{"line":28,"column":23},"end":{"line":28,"column":34}},"type":"default-arg","locations":[{"start":{"line":28,"column":32},"end":{"line":28,"column":34}}],"line":28},"5":{"loc":{"start":{"line":36,"column":12},"end":{"line":38,"column":13}},"type":"if","locations":[{"start":{"line":36,"column":12},"end":{"line":38,"column":13}},{"start":{},"end":{}}],"line":36},"6":{"loc":{"start":{"line":42,"column":12},"end":{"line":44,"column":13}},"type":"if","locations":[{"start":{"line":42,"column":12},"end":{"line":44,"column":13}},{"start":{},"end":{}}],"line":42},"7":{"loc":{"start":{"line":53,"column":25},"end":{"line":53,"column":39}},"type":"default-arg","locations":[{"start":{"line":53,"column":35},"end":{"line":53,"column":39}}],"line":53},"8":{"loc":{"start":{"line":54,"column":44},"end":{"line":54,"column":59}},"type":"cond-expr","locations":[{"start":{"line":54,"column":54},"end":{"line":54,"column":55}},{"start":{"line":54,"column":58},"end":{"line":54,"column":59}}],"line":54},"9":{"loc":{"start":{"line":62,"column":34},"end":{"line":62,"column":48}},"type":"default-arg","locations":[{"start":{"line":62,"column":44},"end":{"line":62,"column":48}}],"line":62},"10":{"loc":{"start":{"line":105,"column":22},"end":{"line":105,"column":36}},"type":"default-arg","locations":[{"start":{"line":105,"column":35},"end":{"line":105,"column":36}}],"line":105},"11":{"loc":{"start":{"line":105,"column":38},"end":{"line":105,"column":51}},"type":"default-arg","locations":[{"start":{"line":105,"column":50},"end":{"line":105,"column":51}}],"line":105}},"s":{"0":1,"1":1,"2":1,"3":1,"4":1,"5":1,"6":1,"7":18,"8":18,"9":18,"10":17,"11":17,"12":17,"13":1,"14":16,"15":1,"16":1,"17":0,"18":0,"19":2,"20":1,"21":1,"22":0,"23":1,"24":1,"25":1,"26":1,"27":1,"28":1,"29":0,"30":1,"31":1,"32":1,"33":1,"34":1,"35":1,"36":1,"37":1},"f":{"0":1,"1":18,"2":17,"3":2,"4":1,"5":1,"6":0,"7":1,"8":1,"9":1,"10":1,"11":1,"12":1,"13":0,"14":1,"15":1,"16":1,"17":1,"18":1,"19":1,"20":1},"b":{"0":[1,1,1],"1":[0,1],"2":[1,1],"3":[18,18],"4":[10],"5":[1,16],"6":[1,0],"7":[1],"8":[1,0],"9":[1],"10":[1],"11":[1]},"inputSourceMap":null,"_coverageSchema":"1a1c01bbd47fc00a2c39e90264f33305004495a9","hash":"d4bf7f21b220fcb05a6c1e4f37a4163a470d09c4"}
,"C:\\Users\\colte\\Desktop\\Github\\meowcoin-docker\\packages\\blockchain\\src\\utils\\logger.js": {"path":"C:\\Users\\colte\\Desktop\\Github\\meowcoin-docker\\packages\\blockchain\\src\\utils\\logger.js","statementMap":{"0":{"start":{"line":2,"column":22},"end":{"line":4,"column":1}},"1":{"start":{"line":3,"column":4},"end":{"line":3,"column":62}},"2":{"start":{"line":5,"column":0},"end":{"line":5,"column":62}},"3":{"start":{"line":6,"column":0},"end":{"line":6,"column":24}},"4":{"start":{"line":7,"column":15},"end":{"line":7,"column":47}},"5":{"start":{"line":8,"column":17},"end":{"line":8,"column":37}},"6":{"start":{"line":10,"column":0},"end":{"line":25,"column":3}}},"fnMap":{"0":{"name":"(anonymous_0)","decl":{"start":{"line":2,"column":56},"end":{"line":2,"column":57}},"loc":{"start":{"line":2,"column":71},"end":{"line":4,"column":1}},"line":2}},"branchMap":{"0":{"loc":{"start":{"line":2,"column":22},"end":{"line":4,"column":1}},"type":"binary-expr","locations":[{"start":{"line":2,"column":23},"end":{"line":2,"column":27}},{"start":{"line":2,"column":31},"end":{"line":2,"column":51}},{"start":{"line":2,"column":56},"end":{"line":4,"column":1}}],"line":2},"1":{"loc":{"start":{"line":3,"column":11},"end":{"line":3,"column":61}},"type":"cond-expr","locations":[{"start":{"line":3,"column":37},"end":{"line":3,"column":40}},{"start":{"line":3,"column":43},"end":{"line":3,"column":61}}],"line":3},"2":{"loc":{"start":{"line":3,"column":12},"end":{"line":3,"column":33}},"type":"binary-expr","locations":[{"start":{"line":3,"column":12},"end":{"line":3,"column":15}},{"start":{"line":3,"column":19},"end":{"line":3,"column":33}}],"line":3},"3":{"loc":{"start":{"line":12,"column":15},"end":{"line":21,"column":19}},"type":"cond-expr","locations":[{"start":{"line":13,"column":10},"end":{"line":20,"column":9}},{"start":{"line":21,"column":10},"end":{"line":21,"column":19}}],"line":12}},"s":{"0":1,"1":1,"2":1,"3":1,"4":1,"5":1,"6":1},"f":{"0":1},"b":{"0":[1,1,1],"1":[0,1],"2":[1,1],"3":[1,0]},"inputSourceMap":null,"_coverageSchema":"1a1c01bbd47fc00a2c39e90264f33305004495a9","hash":"fb2846472a9097526227aa2871b7434277dfd211"}
}
