TN:
SF:src\config.js
FN:2,(anonymous_0)
FNF:1
FNH:1
FNDA:1,(anonymous_0)
DA:2,1
DA:3,1
DA:5,1
DA:6,1
DA:7,1
DA:8,1
DA:10,1
DA:12,1
DA:46,1
LF:9
LH:9
BRDA:2,0,0,1
BRDA:2,0,1,1
BRDA:2,0,2,1
BRDA:3,1,0,0
BRDA:3,1,1,1
BRDA:3,2,0,1
BRDA:3,2,1,1
BRF:7
BRH:6
end_of_record
TN:
SF:src\services\meowcoinRPC.js
FN:2,(anonymous_0)
FN:14,(anonymous_1)
FN:28,(anonymous_2)
FN:50,(anonymous_3)
FN:53,(anonymous_4)
FN:56,(anonymous_5)
FN:59,(anonymous_6)
FN:62,(anonymous_7)
FN:65,(anonymous_8)
FN:68,(anonymous_9)
FN:71,(anonymous_10)
FN:75,(anonymous_11)
FN:78,(anonymous_12)
FN:81,(anonymous_13)
FN:85,(anonymous_14)
FN:89,(anonymous_15)
FN:92,(anonymous_16)
FN:96,(anonymous_17)
FN:99,(anonymous_18)
FN:102,(anonymous_19)
FN:105,(anonymous_20)
FNF:21
FNH:19
FNDA:1,(anonymous_0)
FNDA:18,(anonymous_1)
FNDA:17,(anonymous_2)
FNDA:2,(anonymous_3)
FNDA:1,(anonymous_4)
FNDA:1,(anonymous_5)
FNDA:0,(anonymous_6)
FNDA:1,(anonymous_7)
FNDA:1,(anonymous_8)
FNDA:1,(anonymous_9)
FNDA:1,(anonymous_10)
FNDA:1,(anonymous_11)
FNDA:1,(anonymous_12)
FNDA:0,(anonymous_13)
FNDA:1,(anonymous_14)
FNDA:1,(anonymous_15)
FNDA:1,(anonymous_16)
FNDA:1,(anonymous_17)
FNDA:1,(anonymous_18)
FNDA:1,(anonymous_19)
FNDA:1,(anonymous_20)
DA:2,1
DA:3,1
DA:5,1
DA:6,1
DA:7,1
DA:8,1
DA:9,1
DA:13,18
DA:15,18
DA:16,18
DA:29,17
DA:30,17
DA:36,17
DA:37,1
DA:39,16
DA:42,1
DA:43,1
DA:45,0
DA:46,0
DA:51,2
DA:54,1
DA:57,1
DA:60,0
DA:63,1
DA:66,1
DA:69,1
DA:72,1
DA:76,1
DA:79,1
DA:82,0
DA:86,1
DA:90,1
DA:93,1
DA:97,1
DA:100,1
DA:103,1
DA:106,1
DA:109,1
LF:38
LH:34
BRDA:2,0,0,1
BRDA:2,0,1,1
BRDA:2,0,2,1
BRDA:3,1,0,0
BRDA:3,1,1,1
BRDA:3,2,0,1
BRDA:3,2,1,1
BRDA:22,3,0,18
BRDA:22,3,1,18
BRDA:28,4,0,10
BRDA:36,5,0,1
BRDA:36,5,1,16
BRDA:42,6,0,1
BRDA:42,6,1,0
BRDA:53,7,0,1
BRDA:54,8,0,1
BRDA:54,8,1,0
BRDA:62,9,0,1
BRDA:105,10,0,1
BRDA:105,11,0,1
BRF:20
BRH:17
end_of_record
TN:
SF:src\utils\logger.js
FN:2,(anonymous_0)
FNF:1
FNH:1
FNDA:1,(anonymous_0)
DA:2,1
DA:3,1
DA:5,1
DA:6,1
DA:7,1
DA:8,1
DA:10,1
LF:7
LH:7
BRDA:2,0,0,1
BRDA:2,0,1,1
BRDA:2,0,2,1
BRDA:3,1,0,0
BRDA:3,1,1,1
BRDA:3,2,0,1
BRDA:3,2,1,1
BRDA:12,3,0,1
BRDA:12,3,1,0
BRF:9
BRH:7
end_of_record
